2022-03-28T22:56:55.9745563+05:30 [DBG] (Microsoft.Extensions.Hosting.Internal.Host) Hosting starting
2022-03-28T22:56:56.7599162+05:30 [INF] (Microsoft.AspNetCore.DataProtection.KeyManagement.XmlKeyManager) User profile is available. Using '"C:\Users\Admin\AppData\Local\ASP.NET\DataProtection-Keys"' as key repository and Windows DPAPI to encrypt keys at rest.
2022-03-28T22:56:56.9461312+05:30 [DBG] (Microsoft.AspNetCore.DataProtection.Repositories.FileSystemXmlRepository) Reading data from file '"C:\Users\Admin\AppData\Local\ASP.NET\DataProtection-Keys\key-06a009b0-a92e-4a60-830a-246694c392fa.xml"'.
2022-03-28T22:56:57.1494974+05:30 [DBG] (Microsoft.AspNetCore.DataProtection.KeyManagement.XmlKeyManager) Found key {06a009b0-a92e-4a60-830a-246694c392fa}.
2022-03-28T22:56:57.1910063+05:30 [DBG] (Microsoft.AspNetCore.DataProtection.KeyManagement.DefaultKeyResolver) Considering key {06a009b0-a92e-4a60-830a-246694c392fa} with expiration date 2022-04-20 03:46:09Z as default key.
2022-03-28T22:56:57.2340153+05:30 [DBG] (Microsoft.AspNetCore.DataProtection.TypeForwardingActivator) Forwarded activator type request from "Microsoft.AspNetCore.DataProtection.XmlEncryption.DpapiXmlDecryptor, Microsoft.AspNetCore.DataProtection, Version=3.1.22.0, Culture=neutral, PublicKeyToken=adb9793829ddae60" to "Microsoft.AspNetCore.DataProtection.XmlEncryption.DpapiXmlDecryptor, Microsoft.AspNetCore.DataProtection, Culture=neutral, PublicKeyToken=adb9793829ddae60"
2022-03-28T22:56:57.2392007+05:30 [DBG] (Microsoft.AspNetCore.DataProtection.XmlEncryption.DpapiXmlDecryptor) Decrypting secret element using Windows DPAPI.
2022-03-28T22:56:57.2414725+05:30 [DBG] (Microsoft.AspNetCore.DataProtection.TypeForwardingActivator) Forwarded activator type request from "Microsoft.AspNetCore.DataProtection.AuthenticatedEncryption.ConfigurationModel.AuthenticatedEncryptorDescriptorDeserializer, Microsoft.AspNetCore.DataProtection, Version=3.1.22.0, Culture=neutral, PublicKeyToken=adb9793829ddae60" to "Microsoft.AspNetCore.DataProtection.AuthenticatedEncryption.ConfigurationModel.AuthenticatedEncryptorDescriptorDeserializer, Microsoft.AspNetCore.DataProtection, Culture=neutral, PublicKeyToken=adb9793829ddae60"
2022-03-28T22:56:57.2486714+05:30 [DBG] (Microsoft.AspNetCore.DataProtection.AuthenticatedEncryption.CngCbcAuthenticatedEncryptorFactory) Opening CNG algorithm '"AES"' from provider 'null' with chaining mode CBC.
2022-03-28T22:56:57.2546649+05:30 [DBG] (Microsoft.AspNetCore.DataProtection.AuthenticatedEncryption.CngCbcAuthenticatedEncryptorFactory) Opening CNG algorithm '"SHA256"' from provider 'null' with HMAC.
2022-03-28T22:56:57.2623578+05:30 [DBG] (Microsoft.AspNetCore.DataProtection.KeyManagement.KeyRingProvider) Using key {06a009b0-a92e-4a60-830a-246694c392fa} as the default key.
2022-03-28T22:56:57.2632461+05:30 [DBG] (Microsoft.AspNetCore.DataProtection.Internal.DataProtectionHostedService) Key ring with default key {06a009b0-a92e-4a60-830a-246694c392fa} was loaded during application startup.
2022-03-28T22:57:01.0554043+05:30 [DBG] (Microsoft.AspNetCore.Hosting.Diagnostics) Loaded hosting startup assembly "SlotBookingWebAPI"
2022-03-28T22:57:01.0560155+05:30 [INF] (Microsoft.Hosting.Lifetime) Application started. Press Ctrl+C to shut down.
2022-03-28T22:57:01.0561271+05:30 [INF] (Microsoft.Hosting.Lifetime) Hosting environment: "Development"
2022-03-28T22:57:01.0562095+05:30 [INF] (Microsoft.Hosting.Lifetime) Content root path: "D:\dbms\VacSlotBookingApi\SlotBookingWebAPI"
2022-03-28T22:57:01.0563293+05:30 [DBG] (Microsoft.Extensions.Hosting.Internal.Host) Hosting started
2022-03-28T22:57:01.3378827+05:30 [INF] (Microsoft.AspNetCore.Hosting.Diagnostics) Request starting HTTP/1.1 GET http://localhost:55244/weatherforecast  
2022-03-28T22:57:01.3421035+05:30 [DBG] (Microsoft.AspNetCore.HostFiltering.HostFilteringMiddleware) Wildcard detected, all requests with hosts will be allowed.
2022-03-28T22:57:01.4892755+05:30 [DBG] (Microsoft.AspNetCore.StaticFiles.StaticFileMiddleware) The request path "" does not match the path filter
2022-03-28T22:57:01.5597591+05:30 [DBG] (Microsoft.AspNetCore.Mvc.Razor.Compilation.DefaultViewCompiler) Initializing Razor view compiler with compiled view: '"/Views/Home/Index.cshtml"'.
2022-03-28T22:57:01.7042310+05:30 [DBG] (Microsoft.AspNetCore.Routing.Matching.DfaMatcher) 1 candidate(s) found for the request path '"/weatherforecast"'
2022-03-28T22:57:01.7096119+05:30 [DBG] (Microsoft.AspNetCore.Routing.Matching.DfaMatcher) Endpoint '"SlotBookingWebAPI.Controllers.WeatherForecastController.Get (SlotBookingWebAPI)"' with route pattern '"WeatherForecast"' is valid for the request path '"/weatherforecast"'
2022-03-28T22:57:01.7109902+05:30 [DBG] (Microsoft.AspNetCore.Routing.EndpointRoutingMiddleware) Request matched endpoint '"SlotBookingWebAPI.Controllers.WeatherForecastController.Get (SlotBookingWebAPI)"'
2022-03-28T22:57:02.3153340+05:30 [DBG] (Microsoft.AspNetCore.Authentication.JwtBearer.JwtBearerHandler) AuthenticationScheme: "Bearer" was not authenticated.
2022-03-28T22:57:02.3184398+05:30 [INF] (Microsoft.AspNetCore.Routing.EndpointMiddleware) Executing endpoint '"SlotBookingWebAPI.Controllers.WeatherForecastController.Get (SlotBookingWebAPI)"'
2022-03-28T22:57:02.3349940+05:30 [DBG] (Microsoft.AspNetCore.Mvc.ModelBinding.ModelBinderFactory) Registered model binder providers, in the following order: ["Microsoft.AspNetCore.Mvc.ModelBinding.Binders.BinderTypeModelBinderProvider", "Microsoft.AspNetCore.Mvc.ModelBinding.Binders.ServicesModelBinderProvider", "Microsoft.AspNetCore.Mvc.ModelBinding.Binders.BodyModelBinderProvider", "Microsoft.AspNetCore.Mvc.ModelBinding.Binders.HeaderModelBinderProvider", "Microsoft.AspNetCore.Mvc.ModelBinding.Binders.FloatingPointTypeModelBinderProvider", "Microsoft.AspNetCore.Mvc.ModelBinding.Binders.EnumTypeModelBinderProvider", "Microsoft.AspNetCore.Mvc.ModelBinding.Binders.SimpleTypeModelBinderProvider", "Microsoft.AspNetCore.Mvc.ModelBinding.Binders.CancellationTokenModelBinderProvider", "Microsoft.AspNetCore.Mvc.ModelBinding.Binders.ByteArrayModelBinderProvider", "Microsoft.AspNetCore.Mvc.ModelBinding.Binders.FormFileModelBinderProvider", "Microsoft.AspNetCore.Mvc.ModelBinding.Binders.FormCollectionModelBinderProvider", "Microsoft.AspNetCore.Mvc.ModelBinding.Binders.KeyValuePairModelBinderProvider", "Microsoft.AspNetCore.Mvc.ModelBinding.Binders.DictionaryModelBinderProvider", "Microsoft.AspNetCore.Mvc.ModelBinding.Binders.ArrayModelBinderProvider", "Microsoft.AspNetCore.Mvc.ModelBinding.Binders.CollectionModelBinderProvider", "Microsoft.AspNetCore.Mvc.ModelBinding.Binders.ComplexTypeModelBinderProvider"]
2022-03-28T22:57:02.4948095+05:30 [INF] (Microsoft.AspNetCore.Mvc.Infrastructure.ControllerActionInvoker) Route matched with "{action = \"Get\", controller = \"WeatherForecast\"}". Executing controller action with signature "System.Collections.Generic.IEnumerable`1[SlotBookingWebAPI.WeatherForecast] Get()" on controller "SlotBookingWebAPI.Controllers.WeatherForecastController" ("SlotBookingWebAPI").
2022-03-28T22:57:02.4959114+05:30 [DBG] (Microsoft.AspNetCore.Mvc.Infrastructure.ControllerActionInvoker) Execution plan of "authorization" filters (in the following order): ["None"]
2022-03-28T22:57:02.4963386+05:30 [DBG] (Microsoft.AspNetCore.Mvc.Infrastructure.ControllerActionInvoker) Execution plan of "resource" filters (in the following order): ["Microsoft.AspNetCore.Mvc.ViewFeatures.Filters.SaveTempDataFilter"]
2022-03-28T22:57:02.4967223+05:30 [DBG] (Microsoft.AspNetCore.Mvc.Infrastructure.ControllerActionInvoker) Execution plan of "action" filters (in the following order): ["Microsoft.AspNetCore.Mvc.ModelBinding.UnsupportedContentTypeFilter (Order: -3000)", "Microsoft.AspNetCore.Mvc.Infrastructure.ModelStateInvalidFilter (Order: -2000)", "SlotBookingWebAPI.Filters.ApiKeyAuthAttribute", "SlotBookingWebAPI.Filters.TokenAuthValidator"]
2022-03-28T22:57:02.4969592+05:30 [DBG] (Microsoft.AspNetCore.Mvc.Infrastructure.ControllerActionInvoker) Execution plan of "exception" filters (in the following order): ["None"]
2022-03-28T22:57:02.4971416+05:30 [DBG] (Microsoft.AspNetCore.Mvc.Infrastructure.ControllerActionInvoker) Execution plan of "result" filters (in the following order): ["Microsoft.AspNetCore.Mvc.ViewFeatures.Filters.SaveTempDataFilter", "Microsoft.AspNetCore.Mvc.Infrastructure.ClientErrorResultFilter (Order: -2000)"]
2022-03-28T22:57:02.5003800+05:30 [DBG] (Microsoft.AspNetCore.Mvc.Infrastructure.ControllerActionInvoker) Executing controller factory for controller "SlotBookingWebAPI.Controllers.WeatherForecastController" ("SlotBookingWebAPI")
2022-03-28T22:57:02.5011684+05:30 [DBG] (Microsoft.AspNetCore.Mvc.Infrastructure.ControllerActionInvoker) Executed controller factory for controller "SlotBookingWebAPI.Controllers.WeatherForecastController" ("SlotBookingWebAPI")
2022-03-28T22:57:19.9697493+05:30 [DBG] (Microsoft.AspNetCore.Mvc.Infrastructure.ControllerActionInvoker) Request was short circuited at action filter '"SlotBookingWebAPI.Filters.TokenAuthValidator"'.
2022-03-28T22:57:19.9730285+05:30 [DBG] (Microsoft.AspNetCore.Mvc.Infrastructure.DefaultOutputFormatterSelector) List of registered output formatters, in the following order: ["Microsoft.AspNetCore.Mvc.Formatters.HttpNoContentOutputFormatter", "Microsoft.AspNetCore.Mvc.Formatters.StringOutputFormatter", "Microsoft.AspNetCore.Mvc.Formatters.StreamOutputFormatter", "Microsoft.AspNetCore.Mvc.Formatters.NewtonsoftJsonOutputFormatter"]
2022-03-28T22:57:19.9773360+05:30 [DBG] (Microsoft.AspNetCore.Mvc.Infrastructure.DefaultOutputFormatterSelector) No information found on request to perform content negotiation.
2022-03-28T22:57:19.9775327+05:30 [DBG] (Microsoft.AspNetCore.Mvc.Infrastructure.DefaultOutputFormatterSelector) Attempting to select an output formatter without using a content type as no explicit content types were specified for the response.
2022-03-28T22:57:19.9776701+05:30 [DBG] (Microsoft.AspNetCore.Mvc.Infrastructure.DefaultOutputFormatterSelector) Attempting to select the first formatter in the output formatters list which can write the result.
2022-03-28T22:57:19.9785686+05:30 [DBG] (Microsoft.AspNetCore.Mvc.Infrastructure.DefaultOutputFormatterSelector) Selected output formatter '"Microsoft.AspNetCore.Mvc.Formatters.NewtonsoftJsonOutputFormatter"' and content type '"application/json"' to write the response.
2022-03-28T22:57:19.9788509+05:30 [INF] (Microsoft.AspNetCore.Mvc.Infrastructure.ObjectResultExecutor) Executing ObjectResult, writing value of type '"Contracts.Responses.ErrorResponse"'.
2022-03-28T22:57:21.9752933+05:30 [INF] (Microsoft.AspNetCore.Mvc.Infrastructure.ControllerActionInvoker) Executed action "SlotBookingWebAPI.Controllers.WeatherForecastController.Get (SlotBookingWebAPI)" in 19470.1215ms
2022-03-28T22:57:21.9772262+05:30 [INF] (Microsoft.AspNetCore.Routing.EndpointMiddleware) Executed endpoint '"SlotBookingWebAPI.Controllers.WeatherForecastController.Get (SlotBookingWebAPI)"'
2022-03-28T22:57:22.1130989+05:30 [INF] (Microsoft.AspNetCore.Hosting.Diagnostics) Request finished in 20794.7921ms 400 application/json; charset=utf-8
2022-03-28T22:57:23.1736825+05:30 [INF] (Microsoft.AspNetCore.Hosting.Diagnostics) Request starting HTTP/1.1 GET http://localhost:55244/favicon.ico  
2022-03-28T22:57:23.1750390+05:30 [DBG] (Microsoft.AspNetCore.StaticFiles.StaticFileMiddleware) The request path "" does not match the path filter
2022-03-28T22:57:23.1776436+05:30 [DBG] (Microsoft.AspNetCore.Routing.Matching.DfaMatcher) No candidates found for the request path '"/favicon.ico"'
2022-03-28T22:57:23.1780682+05:30 [DBG] (Microsoft.AspNetCore.Routing.EndpointRoutingMiddleware) Request did not match any endpoints
2022-03-28T22:57:23.1787538+05:30 [DBG] (Microsoft.AspNetCore.Authentication.JwtBearer.JwtBearerHandler) AuthenticationScheme: "Bearer" was not authenticated.
2022-03-28T22:57:23.1897794+05:30 [INF] (Microsoft.AspNetCore.Hosting.Diagnostics) Request finished in 16.2166ms 404 
2022-03-28T23:05:43.9608491+05:30 [INF] (Microsoft.AspNetCore.Hosting.Diagnostics) Request starting HTTP/1.1 OPTIONS http://localhost:55244/api/v1/login  
2022-03-28T23:05:43.9947156+05:30 [DBG] (Microsoft.AspNetCore.StaticFiles.StaticFileMiddleware) "OPTIONS" requests are not supported
2022-03-28T23:05:43.9965390+05:30 [DBG] (Microsoft.AspNetCore.Routing.Matching.DfaMatcher) 1 candidate(s) found for the request path '"/api/v1/login"'
2022-03-28T23:05:43.9967831+05:30 [DBG] (Microsoft.AspNetCore.Routing.EndpointRoutingMiddleware) Request matched endpoint '"405 HTTP Method Not Supported"'
2022-03-28T23:05:44.0062932+05:30 [DBG] (Microsoft.AspNetCore.Cors.Infrastructure.CorsService) The request has an origin header: '"http://localhost:4200"'.
2022-03-28T23:05:44.0065770+05:30 [INF] (Microsoft.AspNetCore.Cors.Infrastructure.CorsService) CORS policy execution successful.
2022-03-28T23:05:44.0078646+05:30 [DBG] (Microsoft.AspNetCore.Cors.Infrastructure.CorsService) The request is a preflight request.
2022-03-28T23:05:44.0097503+05:30 [INF] (Microsoft.AspNetCore.Hosting.Diagnostics) Request finished in 49.32ms 204 
2022-03-28T23:05:44.0638440+05:30 [INF] (Microsoft.AspNetCore.Hosting.Diagnostics) Request starting HTTP/1.1 POST http://localhost:55244/api/v1/login application/json 47
2022-03-28T23:05:44.0653974+05:30 [DBG] (Microsoft.AspNetCore.StaticFiles.StaticFileMiddleware) "POST" requests are not supported
2022-03-28T23:05:44.0761383+05:30 [DBG] (Microsoft.AspNetCore.Routing.Matching.DfaMatcher) 1 candidate(s) found for the request path '"/api/v1/login"'
2022-03-28T23:05:44.0764038+05:30 [DBG] (Microsoft.AspNetCore.Routing.Matching.DfaMatcher) Endpoint '"SlotBookingWebAPI.Controllers.LoginController.Login (SlotBookingWebAPI)"' with route pattern '"api/v1/login"' is valid for the request path '"/api/v1/login"'
2022-03-28T23:05:44.0765824+05:30 [DBG] (Microsoft.AspNetCore.Routing.EndpointRoutingMiddleware) Request matched endpoint '"SlotBookingWebAPI.Controllers.LoginController.Login (SlotBookingWebAPI)"'
2022-03-28T23:05:44.0768202+05:30 [DBG] (Microsoft.AspNetCore.Cors.Infrastructure.CorsService) The request has an origin header: '"http://localhost:4200"'.
2022-03-28T23:05:44.0768966+05:30 [INF] (Microsoft.AspNetCore.Cors.Infrastructure.CorsService) CORS policy execution successful.
2022-03-28T23:05:44.1271747+05:30 [DBG] (Microsoft.AspNetCore.Authentication.JwtBearer.JwtBearerHandler) AuthenticationScheme: "Bearer" was not authenticated.
2022-03-28T23:05:44.1274766+05:30 [INF] (Microsoft.AspNetCore.Routing.EndpointMiddleware) Executing endpoint '"SlotBookingWebAPI.Controllers.LoginController.Login (SlotBookingWebAPI)"'
2022-03-28T23:05:44.2612302+05:30 [INF] (Microsoft.AspNetCore.Mvc.Infrastructure.ControllerActionInvoker) Route matched with "{action = \"Login\", controller = \"Login\"}". Executing controller action with signature "System.Threading.Tasks.Task`1[Microsoft.AspNetCore.Mvc.IActionResult] Login(Contracts.Requests.AuthenticateLogin)" on controller "SlotBookingWebAPI.Controllers.LoginController" ("SlotBookingWebAPI").
2022-03-28T23:05:44.2615187+05:30 [DBG] (Microsoft.AspNetCore.Mvc.Infrastructure.ControllerActionInvoker) Execution plan of "authorization" filters (in the following order): ["None"]
2022-03-28T23:05:44.2617045+05:30 [DBG] (Microsoft.AspNetCore.Mvc.Infrastructure.ControllerActionInvoker) Execution plan of "resource" filters (in the following order): ["Microsoft.AspNetCore.Mvc.ViewFeatures.Filters.SaveTempDataFilter"]
2022-03-28T23:05:44.2618486+05:30 [DBG] (Microsoft.AspNetCore.Mvc.Infrastructure.ControllerActionInvoker) Execution plan of "action" filters (in the following order): ["Microsoft.AspNetCore.Mvc.ModelBinding.UnsupportedContentTypeFilter (Order: -3000)", "Microsoft.AspNetCore.Mvc.Infrastructure.ModelStateInvalidFilter (Order: -2000)", "SlotBookingWebAPI.Filters.ApiKeyAuthAttribute", "SlotBookingWebAPI.Filters.TokenAuthValidator"]
2022-03-28T23:05:44.2619641+05:30 [DBG] (Microsoft.AspNetCore.Mvc.Infrastructure.ControllerActionInvoker) Execution plan of "exception" filters (in the following order): ["None"]
2022-03-28T23:05:44.2620721+05:30 [DBG] (Microsoft.AspNetCore.Mvc.Infrastructure.ControllerActionInvoker) Execution plan of "result" filters (in the following order): ["Microsoft.AspNetCore.Mvc.ViewFeatures.Filters.SaveTempDataFilter", "Microsoft.AspNetCore.Mvc.Infrastructure.ClientErrorResultFilter (Order: -2000)"]
2022-03-28T23:05:44.2625522+05:30 [DBG] (Microsoft.AspNetCore.Mvc.Infrastructure.ControllerActionInvoker) Executing controller factory for controller "SlotBookingWebAPI.Controllers.LoginController" ("SlotBookingWebAPI")
2022-03-28T23:05:44.2679885+05:30 [DBG] (Microsoft.AspNetCore.Mvc.Infrastructure.ControllerActionInvoker) Executed controller factory for controller "SlotBookingWebAPI.Controllers.LoginController" ("SlotBookingWebAPI")
2022-03-28T23:05:44.3107783+05:30 [DBG] (Microsoft.AspNetCore.Mvc.ModelBinding.ParameterBinder) Attempting to bind parameter '"request"' of type '"Contracts.Requests.AuthenticateLogin"' ...
2022-03-28T23:05:44.3153967+05:30 [DBG] (Microsoft.AspNetCore.Mvc.ModelBinding.Binders.BodyModelBinder) Attempting to bind parameter '"request"' of type '"Contracts.Requests.AuthenticateLogin"' using the name '""' in request data ...
2022-03-28T23:05:44.3163601+05:30 [DBG] (Microsoft.AspNetCore.Mvc.ModelBinding.Binders.BodyModelBinder) Rejected input formatter '"Microsoft.AspNetCore.Mvc.Formatters.NewtonsoftJsonPatchInputFormatter"' for content type '"application/json"'.
2022-03-28T23:05:44.3169752+05:30 [DBG] (Microsoft.AspNetCore.Mvc.ModelBinding.Binders.BodyModelBinder) Selected input formatter '"Microsoft.AspNetCore.Mvc.Formatters.NewtonsoftJsonInputFormatter"' for content type '"application/json"'.
2022-03-28T23:05:44.4646687+05:30 [DBG] (Microsoft.AspNetCore.Mvc.ModelBinding.Binders.BodyModelBinder) Done attempting to bind parameter '"request"' of type '"Contracts.Requests.AuthenticateLogin"'.
2022-03-28T23:05:44.4649621+05:30 [DBG] (Microsoft.AspNetCore.Mvc.ModelBinding.ParameterBinder) Done attempting to bind parameter '"request"' of type '"Contracts.Requests.AuthenticateLogin"'.
2022-03-28T23:05:44.4651968+05:30 [DBG] (Microsoft.AspNetCore.Mvc.ModelBinding.ParameterBinder) Attempting to validate the bound parameter '"request"' of type '"Contracts.Requests.AuthenticateLogin"' ...
2022-03-28T23:05:44.5336980+05:30 [DBG] (Microsoft.AspNetCore.Mvc.ModelBinding.ParameterBinder) Done attempting to validate the bound parameter '"request"' of type '"Contracts.Requests.AuthenticateLogin"'.
2022-03-28T23:05:46.2443705+05:30 [DBG] (Microsoft.AspNetCore.Mvc.Infrastructure.DefaultOutputFormatterSelector) List of registered output formatters, in the following order: ["Microsoft.AspNetCore.Mvc.Formatters.HttpNoContentOutputFormatter", "Microsoft.AspNetCore.Mvc.Formatters.StringOutputFormatter", "Microsoft.AspNetCore.Mvc.Formatters.StreamOutputFormatter", "Microsoft.AspNetCore.Mvc.Formatters.NewtonsoftJsonOutputFormatter"]
2022-03-28T23:05:46.2457854+05:30 [DBG] (Microsoft.AspNetCore.Mvc.Infrastructure.DefaultOutputFormatterSelector) No information found on request to perform content negotiation.
2022-03-28T23:05:46.2459546+05:30 [DBG] (Microsoft.AspNetCore.Mvc.Infrastructure.DefaultOutputFormatterSelector) Attempting to select an output formatter without using a content type as no explicit content types were specified for the response.
2022-03-28T23:05:46.2460292+05:30 [DBG] (Microsoft.AspNetCore.Mvc.Infrastructure.DefaultOutputFormatterSelector) Attempting to select the first formatter in the output formatters list which can write the result.
2022-03-28T23:05:46.2462449+05:30 [DBG] (Microsoft.AspNetCore.Mvc.Infrastructure.DefaultOutputFormatterSelector) Selected output formatter '"Microsoft.AspNetCore.Mvc.Formatters.NewtonsoftJsonOutputFormatter"' and content type '"application/json"' to write the response.
2022-03-28T23:05:46.2463574+05:30 [INF] (Microsoft.AspNetCore.Mvc.Infrastructure.ObjectResultExecutor) Executing ObjectResult, writing value of type '"Contracts.Responses.LoginSuccessResponse"'.
2022-03-28T23:05:46.2530542+05:30 [INF] (Microsoft.AspNetCore.Mvc.Infrastructure.ControllerActionInvoker) Executed action "SlotBookingWebAPI.Controllers.LoginController.Login (SlotBookingWebAPI)" in 1990.7046ms
2022-03-28T23:05:46.2532895+05:30 [INF] (Microsoft.AspNetCore.Routing.EndpointMiddleware) Executed endpoint '"SlotBookingWebAPI.Controllers.LoginController.Login (SlotBookingWebAPI)"'
2022-03-28T23:05:46.2535302+05:30 [INF] (Microsoft.AspNetCore.Hosting.Diagnostics) Request finished in 2190.0131ms 200 application/json; charset=utf-8
2022-03-28T23:05:46.2821814+05:30 [INF] (Microsoft.AspNetCore.Hosting.Diagnostics) Request starting HTTP/1.1 OPTIONS http://localhost:55244/api/v1/users/GetUsersDetailsById/1  
2022-03-28T23:05:46.2825502+05:30 [DBG] (Microsoft.AspNetCore.StaticFiles.StaticFileMiddleware) "OPTIONS" requests are not supported
2022-03-28T23:05:46.2827987+05:30 [DBG] (Microsoft.AspNetCore.Routing.Matching.DfaMatcher) 1 candidate(s) found for the request path '"/api/v1/users/GetUsersDetailsById/1"'
2022-03-28T23:05:46.2829320+05:30 [DBG] (Microsoft.AspNetCore.Routing.EndpointRoutingMiddleware) Request matched endpoint '"405 HTTP Method Not Supported"'
2022-03-28T23:05:46.2830917+05:30 [DBG] (Microsoft.AspNetCore.Cors.Infrastructure.CorsService) The request has an origin header: '"http://localhost:4200"'.
2022-03-28T23:05:46.2831692+05:30 [INF] (Microsoft.AspNetCore.Cors.Infrastructure.CorsService) CORS policy execution successful.
2022-03-28T23:05:46.2833064+05:30 [DBG] (Microsoft.AspNetCore.Cors.Infrastructure.CorsService) The request is a preflight request.
2022-03-28T23:05:46.2839055+05:30 [INF] (Microsoft.AspNetCore.Hosting.Diagnostics) Request finished in 1.8085ms 204 
2022-03-28T23:05:46.2875472+05:30 [INF] (Microsoft.AspNetCore.Hosting.Diagnostics) Request starting HTTP/1.1 GET http://localhost:55244/api/v1/users/GetUsersDetailsById/1  
2022-03-28T23:05:46.2879323+05:30 [DBG] (Microsoft.AspNetCore.StaticFiles.StaticFileMiddleware) The request path "" does not match the path filter
2022-03-28T23:05:46.2880666+05:30 [DBG] (Microsoft.AspNetCore.Routing.Matching.DfaMatcher) 1 candidate(s) found for the request path '"/api/v1/users/GetUsersDetailsById/1"'
2022-03-28T23:05:46.2921125+05:30 [DBG] (Microsoft.AspNetCore.Routing.Matching.DfaMatcher) Endpoint '"SlotBookingWebAPI.Controllers.UserController.GetUsersDetailsById (SlotBookingWebAPI)"' with route pattern '"api/v1/users/GetUsersDetailsById/{Id}"' is valid for the request path '"/api/v1/users/GetUsersDetailsById/1"'
2022-03-28T23:05:46.2922600+05:30 [DBG] (Microsoft.AspNetCore.Routing.EndpointRoutingMiddleware) Request matched endpoint '"SlotBookingWebAPI.Controllers.UserController.GetUsersDetailsById (SlotBookingWebAPI)"'
2022-03-28T23:05:46.2924032+05:30 [DBG] (Microsoft.AspNetCore.Cors.Infrastructure.CorsService) The request has an origin header: '"http://localhost:4200"'.
2022-03-28T23:05:46.2924727+05:30 [INF] (Microsoft.AspNetCore.Cors.Infrastructure.CorsService) CORS policy execution successful.
2022-03-28T23:05:46.3828690+05:30 [INF] (Microsoft.AspNetCore.Authentication.JwtBearer.JwtBearerHandler) Successfully validated the token.
2022-03-28T23:05:46.4046695+05:30 [DBG] (Microsoft.AspNetCore.Authentication.JwtBearer.JwtBearerHandler) AuthenticationScheme: "Bearer" was successfully authenticated.
2022-03-28T23:05:46.4052991+05:30 [INF] (Microsoft.AspNetCore.Routing.EndpointMiddleware) Executing endpoint '"SlotBookingWebAPI.Controllers.UserController.GetUsersDetailsById (SlotBookingWebAPI)"'
2022-03-28T23:05:46.4161976+05:30 [INF] (Microsoft.AspNetCore.Mvc.Infrastructure.ControllerActionInvoker) Route matched with "{action = \"GetUsersDetailsById\", controller = \"User\"}". Executing controller action with signature "System.Threading.Tasks.Task`1[Microsoft.AspNetCore.Mvc.IActionResult] GetUsersDetailsById(Int32)" on controller "SlotBookingWebAPI.Controllers.UserController" ("SlotBookingWebAPI").
2022-03-28T23:05:46.4164675+05:30 [DBG] (Microsoft.AspNetCore.Mvc.Infrastructure.ControllerActionInvoker) Execution plan of "authorization" filters (in the following order): ["None"]
2022-03-28T23:05:46.4165958+05:30 [DBG] (Microsoft.AspNetCore.Mvc.Infrastructure.ControllerActionInvoker) Execution plan of "resource" filters (in the following order): ["Microsoft.AspNetCore.Mvc.ViewFeatures.Filters.SaveTempDataFilter"]
2022-03-28T23:05:46.4167431+05:30 [DBG] (Microsoft.AspNetCore.Mvc.Infrastructure.ControllerActionInvoker) Execution plan of "action" filters (in the following order): ["Microsoft.AspNetCore.Mvc.ModelBinding.UnsupportedContentTypeFilter (Order: -3000)", "Microsoft.AspNetCore.Mvc.Infrastructure.ModelStateInvalidFilter (Order: -2000)", "SlotBookingWebAPI.Filters.ApiKeyAuthAttribute", "SlotBookingWebAPI.Filters.TokenAuthValidator"]
2022-03-28T23:05:46.4168442+05:30 [DBG] (Microsoft.AspNetCore.Mvc.Infrastructure.ControllerActionInvoker) Execution plan of "exception" filters (in the following order): ["None"]
2022-03-28T23:05:46.4170105+05:30 [DBG] (Microsoft.AspNetCore.Mvc.Infrastructure.ControllerActionInvoker) Execution plan of "result" filters (in the following order): ["Microsoft.AspNetCore.Mvc.ViewFeatures.Filters.SaveTempDataFilter", "Microsoft.AspNetCore.Mvc.Infrastructure.ClientErrorResultFilter (Order: -2000)"]
2022-03-28T23:05:46.4173527+05:30 [DBG] (Microsoft.AspNetCore.Mvc.Infrastructure.ControllerActionInvoker) Executing controller factory for controller "SlotBookingWebAPI.Controllers.UserController" ("SlotBookingWebAPI")
2022-03-28T23:05:46.4185821+05:30 [DBG] (Microsoft.AspNetCore.Mvc.Infrastructure.ControllerActionInvoker) Executed controller factory for controller "SlotBookingWebAPI.Controllers.UserController" ("SlotBookingWebAPI")
2022-03-28T23:05:46.4191031+05:30 [DBG] (Microsoft.AspNetCore.Mvc.ModelBinding.ParameterBinder) Attempting to bind parameter '"Id"' of type '"System.Int32"' ...
2022-03-28T23:05:46.4200622+05:30 [DBG] (Microsoft.AspNetCore.Mvc.ModelBinding.Binders.SimpleTypeModelBinder) Attempting to bind parameter '"Id"' of type '"System.Int32"' using the name '"Id"' in request data ...
2022-03-28T23:05:46.4314329+05:30 [DBG] (Microsoft.AspNetCore.Mvc.ModelBinding.Binders.SimpleTypeModelBinder) Done attempting to bind parameter '"Id"' of type '"System.Int32"'.
2022-03-28T23:05:46.4317620+05:30 [DBG] (Microsoft.AspNetCore.Mvc.ModelBinding.ParameterBinder) Done attempting to bind parameter '"Id"' of type '"System.Int32"'.
2022-03-28T23:05:46.4318848+05:30 [DBG] (Microsoft.AspNetCore.Mvc.ModelBinding.ParameterBinder) Attempting to validate the bound parameter '"Id"' of type '"System.Int32"' ...
2022-03-28T23:05:46.4334665+05:30 [DBG] (Microsoft.AspNetCore.Mvc.ModelBinding.ParameterBinder) Done attempting to validate the bound parameter '"Id"' of type '"System.Int32"'.
2022-03-28T23:05:46.4514791+05:30 [DBG] (Microsoft.AspNetCore.Mvc.Infrastructure.DefaultOutputFormatterSelector) List of registered output formatters, in the following order: ["Microsoft.AspNetCore.Mvc.Formatters.HttpNoContentOutputFormatter", "Microsoft.AspNetCore.Mvc.Formatters.StringOutputFormatter", "Microsoft.AspNetCore.Mvc.Formatters.StreamOutputFormatter", "Microsoft.AspNetCore.Mvc.Formatters.NewtonsoftJsonOutputFormatter"]
2022-03-28T23:05:46.4516775+05:30 [DBG] (Microsoft.AspNetCore.Mvc.Infrastructure.DefaultOutputFormatterSelector) No information found on request to perform content negotiation.
2022-03-28T23:05:46.4517514+05:30 [DBG] (Microsoft.AspNetCore.Mvc.Infrastructure.DefaultOutputFormatterSelector) Attempting to select an output formatter without using a content type as no explicit content types were specified for the response.
2022-03-28T23:05:46.4518238+05:30 [DBG] (Microsoft.AspNetCore.Mvc.Infrastructure.DefaultOutputFormatterSelector) Attempting to select the first formatter in the output formatters list which can write the result.
2022-03-28T23:05:46.4520186+05:30 [DBG] (Microsoft.AspNetCore.Mvc.Infrastructure.DefaultOutputFormatterSelector) Selected output formatter '"Microsoft.AspNetCore.Mvc.Formatters.NewtonsoftJsonOutputFormatter"' and content type '"application/json"' to write the response.
2022-03-28T23:05:46.4521137+05:30 [INF] (Microsoft.AspNetCore.Mvc.Infrastructure.ObjectResultExecutor) Executing ObjectResult, writing value of type '"Domain.User"'.
2022-03-28T23:05:46.4856467+05:30 [INF] (Microsoft.AspNetCore.Mvc.Infrastructure.ControllerActionInvoker) Executed action "SlotBookingWebAPI.Controllers.UserController.GetUsersDetailsById (SlotBookingWebAPI)" in 68.4793ms
2022-03-28T23:05:46.4858376+05:30 [INF] (Microsoft.AspNetCore.Routing.EndpointMiddleware) Executed endpoint '"SlotBookingWebAPI.Controllers.UserController.GetUsersDetailsById (SlotBookingWebAPI)"'
2022-03-28T23:05:46.4859702+05:30 [INF] (Microsoft.AspNetCore.Hosting.Diagnostics) Request finished in 198.4784ms 200 application/json; charset=utf-8
2022-03-28T23:05:47.0758904+05:30 [INF] (Microsoft.AspNetCore.Hosting.Diagnostics) Request starting HTTP/1.1 OPTIONS http://localhost:55244/api/v1/Slot/GetAllHospitals  
2022-03-28T23:05:47.0766106+05:30 [DBG] (Microsoft.AspNetCore.StaticFiles.StaticFileMiddleware) "OPTIONS" requests are not supported
2022-03-28T23:05:47.0774468+05:30 [INF] (Microsoft.AspNetCore.Hosting.Diagnostics) Request starting HTTP/1.1 OPTIONS http://localhost:55244/api/v1/Slot/GetAllSlots  
2022-03-28T23:05:47.0776525+05:30 [DBG] (Microsoft.AspNetCore.Routing.Matching.DfaMatcher) 1 candidate(s) found for the request path '"/api/v1/Slot/GetAllHospitals"'
2022-03-28T23:05:47.0781488+05:30 [DBG] (Microsoft.AspNetCore.Routing.EndpointRoutingMiddleware) Request matched endpoint '"405 HTTP Method Not Supported"'
2022-03-28T23:05:47.0781635+05:30 [DBG] (Microsoft.AspNetCore.StaticFiles.StaticFileMiddleware) "OPTIONS" requests are not supported
2022-03-28T23:05:47.0786056+05:30 [DBG] (Microsoft.AspNetCore.Cors.Infrastructure.CorsService) The request has an origin header: '"http://localhost:4200"'.
2022-03-28T23:05:47.0786976+05:30 [DBG] (Microsoft.AspNetCore.Routing.Matching.DfaMatcher) 1 candidate(s) found for the request path '"/api/v1/Slot/GetAllSlots"'
2022-03-28T23:05:47.0788769+05:30 [INF] (Microsoft.AspNetCore.Cors.Infrastructure.CorsService) CORS policy execution successful.
2022-03-28T23:05:47.0790400+05:30 [DBG] (Microsoft.AspNetCore.Routing.EndpointRoutingMiddleware) Request matched endpoint '"405 HTTP Method Not Supported"'
2022-03-28T23:05:47.0792322+05:30 [DBG] (Microsoft.AspNetCore.Cors.Infrastructure.CorsService) The request is a preflight request.
2022-03-28T23:05:47.0794709+05:30 [DBG] (Microsoft.AspNetCore.Cors.Infrastructure.CorsService) The request has an origin header: '"http://localhost:4200"'.
2022-03-28T23:05:47.0796233+05:30 [INF] (Microsoft.AspNetCore.Cors.Infrastructure.CorsService) CORS policy execution successful.
2022-03-28T23:05:47.0798234+05:30 [DBG] (Microsoft.AspNetCore.Cors.Infrastructure.CorsService) The request is a preflight request.
2022-03-28T23:05:47.0806352+05:30 [INF] (Microsoft.AspNetCore.Hosting.Diagnostics) Request finished in 3.4067ms 204 
2022-03-28T23:05:47.0817584+05:30 [INF] (Microsoft.AspNetCore.Hosting.Diagnostics) Request finished in 5.983ms 204 
2022-03-28T23:05:47.1341543+05:30 [INF] (Microsoft.AspNetCore.Hosting.Diagnostics) Request starting HTTP/1.1 GET http://localhost:55244/api/v1/Slot/GetAllHospitals  
2022-03-28T23:05:47.1344247+05:30 [INF] (Microsoft.AspNetCore.Hosting.Diagnostics) Request starting HTTP/1.1 GET http://localhost:55244/api/v1/Slot/GetAllSlots  
2022-03-28T23:05:47.1350364+05:30 [DBG] (Microsoft.AspNetCore.StaticFiles.StaticFileMiddleware) The request path "" does not match the path filter
2022-03-28T23:05:47.1391842+05:30 [DBG] (Microsoft.AspNetCore.StaticFiles.StaticFileMiddleware) The request path "" does not match the path filter
2022-03-28T23:05:47.1402791+05:30 [DBG] (Microsoft.AspNetCore.Routing.Matching.DfaMatcher) 1 candidate(s) found for the request path '"/api/v1/Slot/GetAllHospitals"'
2022-03-28T23:05:47.1402791+05:30 [DBG] (Microsoft.AspNetCore.Routing.Matching.DfaMatcher) 1 candidate(s) found for the request path '"/api/v1/Slot/GetAllSlots"'
2022-03-28T23:05:47.1405759+05:30 [DBG] (Microsoft.AspNetCore.Routing.Matching.DfaMatcher) Endpoint '"SlotBookingWebAPI.Controllers.SlotController.GetAllHospitals (SlotBookingWebAPI)"' with route pattern '"api/v1/Slot/GetAllHospitals"' is valid for the request path '"/api/v1/Slot/GetAllHospitals"'
2022-03-28T23:05:47.1406826+05:30 [DBG] (Microsoft.AspNetCore.Routing.Matching.DfaMatcher) Endpoint '"SlotBookingWebAPI.Controllers.SlotController.GetAllSlots (SlotBookingWebAPI)"' with route pattern '"api/v1/Slot/GetAllSlots"' is valid for the request path '"/api/v1/Slot/GetAllSlots"'
2022-03-28T23:05:47.1407586+05:30 [DBG] (Microsoft.AspNetCore.Routing.EndpointRoutingMiddleware) Request matched endpoint '"SlotBookingWebAPI.Controllers.SlotController.GetAllHospitals (SlotBookingWebAPI)"'
2022-03-28T23:05:47.1410666+05:30 [DBG] (Microsoft.AspNetCore.Routing.EndpointRoutingMiddleware) Request matched endpoint '"SlotBookingWebAPI.Controllers.SlotController.GetAllSlots (SlotBookingWebAPI)"'
2022-03-28T23:05:47.1412289+05:30 [DBG] (Microsoft.AspNetCore.Cors.Infrastructure.CorsService) The request has an origin header: '"http://localhost:4200"'.
2022-03-28T23:05:47.1412762+05:30 [DBG] (Microsoft.AspNetCore.Cors.Infrastructure.CorsService) The request has an origin header: '"http://localhost:4200"'.
2022-03-28T23:05:47.1413115+05:30 [INF] (Microsoft.AspNetCore.Cors.Infrastructure.CorsService) CORS policy execution successful.
2022-03-28T23:05:47.1413553+05:30 [INF] (Microsoft.AspNetCore.Cors.Infrastructure.CorsService) CORS policy execution successful.
2022-03-28T23:05:47.1434218+05:30 [INF] (Microsoft.AspNetCore.Authentication.JwtBearer.JwtBearerHandler) Successfully validated the token.
2022-03-28T23:05:47.1434219+05:30 [INF] (Microsoft.AspNetCore.Authentication.JwtBearer.JwtBearerHandler) Successfully validated the token.
2022-03-28T23:05:47.1436513+05:30 [DBG] (Microsoft.AspNetCore.Authentication.JwtBearer.JwtBearerHandler) AuthenticationScheme: "Bearer" was successfully authenticated.
2022-03-28T23:05:47.1436514+05:30 [DBG] (Microsoft.AspNetCore.Authentication.JwtBearer.JwtBearerHandler) AuthenticationScheme: "Bearer" was successfully authenticated.
2022-03-28T23:05:47.1463318+05:30 [DBG] (Microsoft.AspNetCore.Authentication.JwtBearer.JwtBearerHandler) AuthenticationScheme: "Bearer" was successfully authenticated.
2022-03-28T23:05:47.1463318+05:30 [DBG] (Microsoft.AspNetCore.Authentication.JwtBearer.JwtBearerHandler) AuthenticationScheme: "Bearer" was successfully authenticated.
2022-03-28T23:05:47.1525189+05:30 [INF] (Microsoft.AspNetCore.Authorization.DefaultAuthorizationService) Authorization was successful.
2022-03-28T23:05:47.1525188+05:30 [INF] (Microsoft.AspNetCore.Authorization.DefaultAuthorizationService) Authorization was successful.
2022-03-28T23:05:47.1528874+05:30 [INF] (Microsoft.AspNetCore.Routing.EndpointMiddleware) Executing endpoint '"SlotBookingWebAPI.Controllers.SlotController.GetAllSlots (SlotBookingWebAPI)"'
2022-03-28T23:05:47.1529002+05:30 [INF] (Microsoft.AspNetCore.Routing.EndpointMiddleware) Executing endpoint '"SlotBookingWebAPI.Controllers.SlotController.GetAllHospitals (SlotBookingWebAPI)"'
2022-03-28T23:05:47.1608609+05:30 [INF] (Microsoft.AspNetCore.Mvc.Infrastructure.ControllerActionInvoker) Route matched with "{action = \"GetAllSlots\", controller = \"Slot\"}". Executing controller action with signature "System.Threading.Tasks.Task`1[Microsoft.AspNetCore.Mvc.IActionResult] GetAllSlots()" on controller "SlotBookingWebAPI.Controllers.SlotController" ("SlotBookingWebAPI").
2022-03-28T23:05:47.1616976+05:30 [DBG] (Microsoft.AspNetCore.Mvc.Infrastructure.ControllerActionInvoker) Execution plan of "authorization" filters (in the following order): ["None"]
2022-03-28T23:05:47.1620831+05:30 [DBG] (Microsoft.AspNetCore.Mvc.Infrastructure.ControllerActionInvoker) Execution plan of "resource" filters (in the following order): ["Microsoft.AspNetCore.Mvc.ViewFeatures.Filters.SaveTempDataFilter"]
2022-03-28T23:05:47.1622411+05:30 [DBG] (Microsoft.AspNetCore.Mvc.Infrastructure.ControllerActionInvoker) Execution plan of "action" filters (in the following order): ["Microsoft.AspNetCore.Mvc.ModelBinding.UnsupportedContentTypeFilter (Order: -3000)", "Microsoft.AspNetCore.Mvc.Infrastructure.ModelStateInvalidFilter (Order: -2000)", "SlotBookingWebAPI.Filters.ApiKeyAuthAttribute", "SlotBookingWebAPI.Filters.TokenAuthValidator"]
2022-03-28T23:05:47.1623474+05:30 [DBG] (Microsoft.AspNetCore.Mvc.Infrastructure.ControllerActionInvoker) Execution plan of "exception" filters (in the following order): ["None"]
2022-03-28T23:05:47.1624780+05:30 [DBG] (Microsoft.AspNetCore.Mvc.Infrastructure.ControllerActionInvoker) Execution plan of "result" filters (in the following order): ["Microsoft.AspNetCore.Mvc.ViewFeatures.Filters.SaveTempDataFilter", "Microsoft.AspNetCore.Mvc.Infrastructure.ClientErrorResultFilter (Order: -2000)"]
2022-03-28T23:05:47.1627434+05:30 [DBG] (Microsoft.AspNetCore.Mvc.Infrastructure.ControllerActionInvoker) Executing controller factory for controller "SlotBookingWebAPI.Controllers.SlotController" ("SlotBookingWebAPI")
2022-03-28T23:05:47.1638787+05:30 [DBG] (Microsoft.AspNetCore.Mvc.Infrastructure.ControllerActionInvoker) Executed controller factory for controller "SlotBookingWebAPI.Controllers.SlotController" ("SlotBookingWebAPI")
2022-03-28T23:05:47.1638982+05:30 [INF] (Microsoft.AspNetCore.Mvc.Infrastructure.ControllerActionInvoker) Route matched with "{action = \"GetAllHospitals\", controller = \"Slot\"}". Executing controller action with signature "System.Threading.Tasks.Task`1[Microsoft.AspNetCore.Mvc.IActionResult] GetAllHospitals()" on controller "SlotBookingWebAPI.Controllers.SlotController" ("SlotBookingWebAPI").
2022-03-28T23:05:47.1640830+05:30 [DBG] (Microsoft.AspNetCore.Mvc.Infrastructure.ControllerActionInvoker) Execution plan of "authorization" filters (in the following order): ["None"]
2022-03-28T23:05:47.1641845+05:30 [DBG] (Microsoft.AspNetCore.Mvc.Infrastructure.ControllerActionInvoker) Execution plan of "resource" filters (in the following order): ["Microsoft.AspNetCore.Mvc.ViewFeatures.Filters.SaveTempDataFilter"]
2022-03-28T23:05:47.1643033+05:30 [DBG] (Microsoft.AspNetCore.Mvc.Infrastructure.ControllerActionInvoker) Execution plan of "action" filters (in the following order): ["Microsoft.AspNetCore.Mvc.ModelBinding.UnsupportedContentTypeFilter (Order: -3000)", "Microsoft.AspNetCore.Mvc.Infrastructure.ModelStateInvalidFilter (Order: -2000)", "SlotBookingWebAPI.Filters.ApiKeyAuthAttribute", "SlotBookingWebAPI.Filters.TokenAuthValidator"]
2022-03-28T23:05:47.1644013+05:30 [DBG] (Microsoft.AspNetCore.Mvc.Infrastructure.ControllerActionInvoker) Execution plan of "exception" filters (in the following order): ["None"]
2022-03-28T23:05:47.1645108+05:30 [DBG] (Microsoft.AspNetCore.Mvc.Infrastructure.ControllerActionInvoker) Execution plan of "result" filters (in the following order): ["Microsoft.AspNetCore.Mvc.ViewFeatures.Filters.SaveTempDataFilter", "Microsoft.AspNetCore.Mvc.Infrastructure.ClientErrorResultFilter (Order: -2000)"]
2022-03-28T23:05:47.1646759+05:30 [DBG] (Microsoft.AspNetCore.Mvc.Infrastructure.ControllerActionInvoker) Executing controller factory for controller "SlotBookingWebAPI.Controllers.SlotController" ("SlotBookingWebAPI")
2022-03-28T23:05:47.1649902+05:30 [DBG] (Microsoft.AspNetCore.Mvc.Infrastructure.ControllerActionInvoker) Executed controller factory for controller "SlotBookingWebAPI.Controllers.SlotController" ("SlotBookingWebAPI")
2022-03-28T23:05:47.3621335+05:30 [DBG] (Microsoft.AspNetCore.Mvc.Infrastructure.DefaultOutputFormatterSelector) List of registered output formatters, in the following order: ["Microsoft.AspNetCore.Mvc.Formatters.HttpNoContentOutputFormatter", "Microsoft.AspNetCore.Mvc.Formatters.StringOutputFormatter", "Microsoft.AspNetCore.Mvc.Formatters.StreamOutputFormatter", "Microsoft.AspNetCore.Mvc.Formatters.NewtonsoftJsonOutputFormatter"]
2022-03-28T23:05:47.3624057+05:30 [DBG] (Microsoft.AspNetCore.Mvc.Infrastructure.DefaultOutputFormatterSelector) No information found on request to perform content negotiation.
2022-03-28T23:05:47.3624864+05:30 [DBG] (Microsoft.AspNetCore.Mvc.Infrastructure.DefaultOutputFormatterSelector) Attempting to select an output formatter without using a content type as no explicit content types were specified for the response.
2022-03-28T23:05:47.3625547+05:30 [DBG] (Microsoft.AspNetCore.Mvc.Infrastructure.DefaultOutputFormatterSelector) Attempting to select the first formatter in the output formatters list which can write the result.
2022-03-28T23:05:47.3626841+05:30 [DBG] (Microsoft.AspNetCore.Mvc.Infrastructure.DefaultOutputFormatterSelector) Selected output formatter '"Microsoft.AspNetCore.Mvc.Formatters.NewtonsoftJsonOutputFormatter"' and content type '"application/json"' to write the response.
2022-03-28T23:05:47.3628005+05:30 [INF] (Microsoft.AspNetCore.Mvc.Infrastructure.ObjectResultExecutor) Executing ObjectResult, writing value of type '"System.Collections.Generic.List`1[[Domain.HospitalDetails, Domain, Version=1.0.0.0, Culture=neutral, PublicKeyToken=null]]"'.
2022-03-28T23:05:47.4180561+05:30 [INF] (Microsoft.AspNetCore.Mvc.Infrastructure.ControllerActionInvoker) Executed action "SlotBookingWebAPI.Controllers.SlotController.GetAllHospitals (SlotBookingWebAPI)" in 253.4058ms
2022-03-28T23:05:47.4182265+05:30 [INF] (Microsoft.AspNetCore.Routing.EndpointMiddleware) Executed endpoint '"SlotBookingWebAPI.Controllers.SlotController.GetAllHospitals (SlotBookingWebAPI)"'
2022-03-28T23:05:47.4184181+05:30 [INF] (Microsoft.AspNetCore.Hosting.Diagnostics) Request finished in 284.3961ms 200 application/json; charset=utf-8
2022-03-28T23:05:47.4712132+05:30 [DBG] (Microsoft.AspNetCore.Mvc.Infrastructure.DefaultOutputFormatterSelector) List of registered output formatters, in the following order: ["Microsoft.AspNetCore.Mvc.Formatters.HttpNoContentOutputFormatter", "Microsoft.AspNetCore.Mvc.Formatters.StringOutputFormatter", "Microsoft.AspNetCore.Mvc.Formatters.StreamOutputFormatter", "Microsoft.AspNetCore.Mvc.Formatters.NewtonsoftJsonOutputFormatter"]
2022-03-28T23:05:47.4713719+05:30 [DBG] (Microsoft.AspNetCore.Mvc.Infrastructure.DefaultOutputFormatterSelector) No information found on request to perform content negotiation.
2022-03-28T23:05:47.4714391+05:30 [DBG] (Microsoft.AspNetCore.Mvc.Infrastructure.DefaultOutputFormatterSelector) Attempting to select an output formatter without using a content type as no explicit content types were specified for the response.
2022-03-28T23:05:47.4715015+05:30 [DBG] (Microsoft.AspNetCore.Mvc.Infrastructure.DefaultOutputFormatterSelector) Attempting to select the first formatter in the output formatters list which can write the result.
2022-03-28T23:05:47.4722203+05:30 [DBG] (Microsoft.AspNetCore.Mvc.Infrastructure.DefaultOutputFormatterSelector) Selected output formatter '"Microsoft.AspNetCore.Mvc.Formatters.NewtonsoftJsonOutputFormatter"' and content type '"application/json"' to write the response.
2022-03-28T23:05:47.4723740+05:30 [INF] (Microsoft.AspNetCore.Mvc.Infrastructure.ObjectResultExecutor) Executing ObjectResult, writing value of type '"System.Collections.Generic.List`1[[Domain.HospitalDetails, Domain, Version=1.0.0.0, Culture=neutral, PublicKeyToken=null]]"'.
2022-03-28T23:05:47.4754615+05:30 [INF] (Microsoft.AspNetCore.Mvc.Infrastructure.ControllerActionInvoker) Executed action "SlotBookingWebAPI.Controllers.SlotController.GetAllSlots (SlotBookingWebAPI)" in 312.8549ms
2022-03-28T23:05:47.4756174+05:30 [INF] (Microsoft.AspNetCore.Routing.EndpointMiddleware) Executed endpoint '"SlotBookingWebAPI.Controllers.SlotController.GetAllSlots (SlotBookingWebAPI)"'
2022-03-28T23:05:47.4757242+05:30 [INF] (Microsoft.AspNetCore.Hosting.Diagnostics) Request finished in 341.4495ms 200 application/json; charset=utf-8
2022-03-28T23:05:55.6139264+05:30 [INF] (Microsoft.AspNetCore.Hosting.Diagnostics) Request starting HTTP/1.1 OPTIONS http://localhost:55244/api/v1/Slot/GetDashboardDetails/0/0/2022-03-28  
2022-03-28T23:05:55.6143715+05:30 [DBG] (Microsoft.AspNetCore.StaticFiles.StaticFileMiddleware) "OPTIONS" requests are not supported
2022-03-28T23:05:55.6146008+05:30 [DBG] (Microsoft.AspNetCore.Routing.Matching.DfaMatcher) 1 candidate(s) found for the request path '"/api/v1/Slot/GetDashboardDetails/0/0/2022-03-28"'
2022-03-28T23:05:55.6147052+05:30 [DBG] (Microsoft.AspNetCore.Routing.EndpointRoutingMiddleware) Request matched endpoint '"405 HTTP Method Not Supported"'
2022-03-28T23:05:55.6148547+05:30 [DBG] (Microsoft.AspNetCore.Cors.Infrastructure.CorsService) The request has an origin header: '"http://localhost:4200"'.
2022-03-28T23:05:55.6149369+05:30 [INF] (Microsoft.AspNetCore.Cors.Infrastructure.CorsService) CORS policy execution successful.
2022-03-28T23:05:55.6150719+05:30 [DBG] (Microsoft.AspNetCore.Cors.Infrastructure.CorsService) The request is a preflight request.
2022-03-28T23:05:55.6156498+05:30 [INF] (Microsoft.AspNetCore.Hosting.Diagnostics) Request finished in 6.3181ms 204 
2022-03-28T23:05:55.6181703+05:30 [INF] (Microsoft.AspNetCore.Hosting.Diagnostics) Request starting HTTP/1.1 GET http://localhost:55244/api/v1/Slot/GetDashboardDetails/0/0/2022-03-28  
2022-03-28T23:05:55.6184201+05:30 [DBG] (Microsoft.AspNetCore.StaticFiles.StaticFileMiddleware) The request path "" does not match the path filter
2022-03-28T23:05:55.6185129+05:30 [DBG] (Microsoft.AspNetCore.Routing.Matching.DfaMatcher) 1 candidate(s) found for the request path '"/api/v1/Slot/GetDashboardDetails/0/0/2022-03-28"'
2022-03-28T23:05:55.6187667+05:30 [DBG] (Microsoft.AspNetCore.Routing.Matching.DfaMatcher) Endpoint '"SlotBookingWebAPI.Controllers.SlotController.GetDashboardDetails (SlotBookingWebAPI)"' with route pattern '"api/v1/Slot/GetDashboardDetails/{HospitalId}/{SlotId}/{SlotDate}"' is valid for the request path '"/api/v1/Slot/GetDashboardDetails/0/0/2022-03-28"'
2022-03-28T23:05:55.6189921+05:30 [DBG] (Microsoft.AspNetCore.Routing.EndpointRoutingMiddleware) Request matched endpoint '"SlotBookingWebAPI.Controllers.SlotController.GetDashboardDetails (SlotBookingWebAPI)"'
2022-03-28T23:05:55.6193142+05:30 [DBG] (Microsoft.AspNetCore.Cors.Infrastructure.CorsService) The request has an origin header: '"http://localhost:4200"'.
2022-03-28T23:05:55.6194429+05:30 [INF] (Microsoft.AspNetCore.Cors.Infrastructure.CorsService) CORS policy execution successful.
2022-03-28T23:05:55.6207955+05:30 [INF] (Microsoft.AspNetCore.Authentication.JwtBearer.JwtBearerHandler) Successfully validated the token.
2022-03-28T23:05:55.6209733+05:30 [DBG] (Microsoft.AspNetCore.Authentication.JwtBearer.JwtBearerHandler) AuthenticationScheme: "Bearer" was successfully authenticated.
2022-03-28T23:05:55.6226980+05:30 [DBG] (Microsoft.AspNetCore.Authentication.JwtBearer.JwtBearerHandler) AuthenticationScheme: "Bearer" was successfully authenticated.
2022-03-28T23:05:55.6231829+05:30 [INF] (Microsoft.AspNetCore.Authorization.DefaultAuthorizationService) Authorization was successful.
2022-03-28T23:05:55.6233005+05:30 [INF] (Microsoft.AspNetCore.Routing.EndpointMiddleware) Executing endpoint '"SlotBookingWebAPI.Controllers.SlotController.GetDashboardDetails (SlotBookingWebAPI)"'
2022-03-28T23:05:55.6331303+05:30 [INF] (Microsoft.AspNetCore.Mvc.Infrastructure.ControllerActionInvoker) Route matched with "{action = \"GetDashboardDetails\", controller = \"Slot\"}". Executing controller action with signature "System.Threading.Tasks.Task`1[Microsoft.AspNetCore.Mvc.IActionResult] GetDashboardDetails(Int32, Int32, System.DateTime)" on controller "SlotBookingWebAPI.Controllers.SlotController" ("SlotBookingWebAPI").
2022-03-28T23:05:55.6333702+05:30 [DBG] (Microsoft.AspNetCore.Mvc.Infrastructure.ControllerActionInvoker) Execution plan of "authorization" filters (in the following order): ["None"]
2022-03-28T23:05:55.6334616+05:30 [DBG] (Microsoft.AspNetCore.Mvc.Infrastructure.ControllerActionInvoker) Execution plan of "resource" filters (in the following order): ["Microsoft.AspNetCore.Mvc.ViewFeatures.Filters.SaveTempDataFilter"]
2022-03-28T23:05:55.6335716+05:30 [DBG] (Microsoft.AspNetCore.Mvc.Infrastructure.ControllerActionInvoker) Execution plan of "action" filters (in the following order): ["Microsoft.AspNetCore.Mvc.ModelBinding.UnsupportedContentTypeFilter (Order: -3000)", "Microsoft.AspNetCore.Mvc.Infrastructure.ModelStateInvalidFilter (Order: -2000)", "SlotBookingWebAPI.Filters.ApiKeyAuthAttribute", "SlotBookingWebAPI.Filters.TokenAuthValidator"]
2022-03-28T23:05:55.6336491+05:30 [DBG] (Microsoft.AspNetCore.Mvc.Infrastructure.ControllerActionInvoker) Execution plan of "exception" filters (in the following order): ["None"]
2022-03-28T23:05:55.6337439+05:30 [DBG] (Microsoft.AspNetCore.Mvc.Infrastructure.ControllerActionInvoker) Execution plan of "result" filters (in the following order): ["Microsoft.AspNetCore.Mvc.ViewFeatures.Filters.SaveTempDataFilter", "Microsoft.AspNetCore.Mvc.Infrastructure.ClientErrorResultFilter (Order: -2000)"]
2022-03-28T23:05:55.6338873+05:30 [DBG] (Microsoft.AspNetCore.Mvc.Infrastructure.ControllerActionInvoker) Executing controller factory for controller "SlotBookingWebAPI.Controllers.SlotController" ("SlotBookingWebAPI")
2022-03-28T23:05:55.6346766+05:30 [DBG] (Microsoft.AspNetCore.Mvc.Infrastructure.ControllerActionInvoker) Executed controller factory for controller "SlotBookingWebAPI.Controllers.SlotController" ("SlotBookingWebAPI")
2022-03-28T23:05:55.6356428+05:30 [DBG] (Microsoft.AspNetCore.Mvc.ModelBinding.ParameterBinder) Attempting to bind parameter '"HospitalId"' of type '"System.Int32"' ...
2022-03-28T23:05:55.6360252+05:30 [DBG] (Microsoft.AspNetCore.Mvc.ModelBinding.Binders.SimpleTypeModelBinder) Attempting to bind parameter '"HospitalId"' of type '"System.Int32"' using the name '"HospitalId"' in request data ...
2022-03-28T23:05:55.6361528+05:30 [DBG] (Microsoft.AspNetCore.Mvc.ModelBinding.Binders.SimpleTypeModelBinder) Done attempting to bind parameter '"HospitalId"' of type '"System.Int32"'.
2022-03-28T23:05:55.6362227+05:30 [DBG] (Microsoft.AspNetCore.Mvc.ModelBinding.ParameterBinder) Done attempting to bind parameter '"HospitalId"' of type '"System.Int32"'.
2022-03-28T23:05:55.6362909+05:30 [DBG] (Microsoft.AspNetCore.Mvc.ModelBinding.ParameterBinder) Attempting to validate the bound parameter '"HospitalId"' of type '"System.Int32"' ...
2022-03-28T23:05:55.6374618+05:30 [DBG] (Microsoft.AspNetCore.Mvc.ModelBinding.ParameterBinder) Done attempting to validate the bound parameter '"HospitalId"' of type '"System.Int32"'.
2022-03-28T23:05:55.6377651+05:30 [DBG] (Microsoft.AspNetCore.Mvc.ModelBinding.ParameterBinder) Attempting to bind parameter '"SlotId"' of type '"System.Int32"' ...
2022-03-28T23:05:55.6380200+05:30 [DBG] (Microsoft.AspNetCore.Mvc.ModelBinding.Binders.SimpleTypeModelBinder) Attempting to bind parameter '"SlotId"' of type '"System.Int32"' using the name '"SlotId"' in request data ...
2022-03-28T23:05:55.6381422+05:30 [DBG] (Microsoft.AspNetCore.Mvc.ModelBinding.Binders.SimpleTypeModelBinder) Done attempting to bind parameter '"SlotId"' of type '"System.Int32"'.
2022-03-28T23:05:55.6382091+05:30 [DBG] (Microsoft.AspNetCore.Mvc.ModelBinding.ParameterBinder) Done attempting to bind parameter '"SlotId"' of type '"System.Int32"'.
2022-03-28T23:05:55.6382674+05:30 [DBG] (Microsoft.AspNetCore.Mvc.ModelBinding.ParameterBinder) Attempting to validate the bound parameter '"SlotId"' of type '"System.Int32"' ...
2022-03-28T23:05:55.6384816+05:30 [DBG] (Microsoft.AspNetCore.Mvc.ModelBinding.ParameterBinder) Done attempting to validate the bound parameter '"SlotId"' of type '"System.Int32"'.
2022-03-28T23:05:55.6385801+05:30 [DBG] (Microsoft.AspNetCore.Mvc.ModelBinding.ParameterBinder) Attempting to bind parameter '"SlotDate"' of type '"System.DateTime"' ...
2022-03-28T23:05:55.6386594+05:30 [DBG] (Microsoft.AspNetCore.Mvc.ModelBinding.Binders.SimpleTypeModelBinder) Attempting to bind parameter '"SlotDate"' of type '"System.DateTime"' using the name '"SlotDate"' in request data ...
2022-03-28T23:05:55.6712194+05:30 [DBG] (Microsoft.AspNetCore.Mvc.ModelBinding.Binders.SimpleTypeModelBinder) Done attempting to bind parameter '"SlotDate"' of type '"System.DateTime"'.
2022-03-28T23:05:55.6713458+05:30 [DBG] (Microsoft.AspNetCore.Mvc.ModelBinding.ParameterBinder) Done attempting to bind parameter '"SlotDate"' of type '"System.DateTime"'.
2022-03-28T23:05:55.6714061+05:30 [DBG] (Microsoft.AspNetCore.Mvc.ModelBinding.ParameterBinder) Attempting to validate the bound parameter '"SlotDate"' of type '"System.DateTime"' ...
2022-03-28T23:05:55.6716735+05:30 [DBG] (Microsoft.AspNetCore.Mvc.ModelBinding.ParameterBinder) Done attempting to validate the bound parameter '"SlotDate"' of type '"System.DateTime"'.
2022-03-28T23:05:55.8800027+05:30 [DBG] (Microsoft.AspNetCore.Mvc.Infrastructure.DefaultOutputFormatterSelector) List of registered output formatters, in the following order: ["Microsoft.AspNetCore.Mvc.Formatters.HttpNoContentOutputFormatter", "Microsoft.AspNetCore.Mvc.Formatters.StringOutputFormatter", "Microsoft.AspNetCore.Mvc.Formatters.StreamOutputFormatter", "Microsoft.AspNetCore.Mvc.Formatters.NewtonsoftJsonOutputFormatter"]
2022-03-28T23:05:55.8802496+05:30 [DBG] (Microsoft.AspNetCore.Mvc.Infrastructure.DefaultOutputFormatterSelector) No information found on request to perform content negotiation.
2022-03-28T23:05:55.8803144+05:30 [DBG] (Microsoft.AspNetCore.Mvc.Infrastructure.DefaultOutputFormatterSelector) Attempting to select an output formatter without using a content type as no explicit content types were specified for the response.
2022-03-28T23:05:55.8803702+05:30 [DBG] (Microsoft.AspNetCore.Mvc.Infrastructure.DefaultOutputFormatterSelector) Attempting to select the first formatter in the output formatters list which can write the result.
2022-03-28T23:05:55.8804934+05:30 [DBG] (Microsoft.AspNetCore.Mvc.Infrastructure.DefaultOutputFormatterSelector) Selected output formatter '"Microsoft.AspNetCore.Mvc.Formatters.NewtonsoftJsonOutputFormatter"' and content type '"application/json"' to write the response.
2022-03-28T23:05:55.8805631+05:30 [INF] (Microsoft.AspNetCore.Mvc.Infrastructure.ObjectResultExecutor) Executing ObjectResult, writing value of type '"System.Collections.Generic.List`1[[Domain.HospitalDetails, Domain, Version=1.0.0.0, Culture=neutral, PublicKeyToken=null]]"'.
2022-03-28T23:05:55.8822110+05:30 [INF] (Microsoft.AspNetCore.Mvc.Infrastructure.ControllerActionInvoker) Executed action "SlotBookingWebAPI.Controllers.SlotController.GetDashboardDetails (SlotBookingWebAPI)" in 248.3469ms
2022-03-28T23:05:55.8823931+05:30 [INF] (Microsoft.AspNetCore.Routing.EndpointMiddleware) Executed endpoint '"SlotBookingWebAPI.Controllers.SlotController.GetDashboardDetails (SlotBookingWebAPI)"'
2022-03-28T23:05:55.9088392+05:30 [INF] (Microsoft.AspNetCore.Hosting.Diagnostics) Request finished in 290.6046ms 200 application/json; charset=utf-8
2022-03-28T23:05:59.6403793+05:30 [INF] (Microsoft.AspNetCore.Hosting.Diagnostics) Request starting HTTP/1.1 OPTIONS http://localhost:55244/api/v1/Slot/GetDashboardDetails/1/0/2022-03-28  
2022-03-28T23:05:59.6423005+05:30 [DBG] (Microsoft.AspNetCore.StaticFiles.StaticFileMiddleware) "OPTIONS" requests are not supported
2022-03-28T23:05:59.6425725+05:30 [DBG] (Microsoft.AspNetCore.Routing.Matching.DfaMatcher) 1 candidate(s) found for the request path '"/api/v1/Slot/GetDashboardDetails/1/0/2022-03-28"'
2022-03-28T23:05:59.6426850+05:30 [DBG] (Microsoft.AspNetCore.Routing.EndpointRoutingMiddleware) Request matched endpoint '"405 HTTP Method Not Supported"'
2022-03-28T23:05:59.6428218+05:30 [DBG] (Microsoft.AspNetCore.Cors.Infrastructure.CorsService) The request has an origin header: '"http://localhost:4200"'.
2022-03-28T23:05:59.6428901+05:30 [INF] (Microsoft.AspNetCore.Cors.Infrastructure.CorsService) CORS policy execution successful.
2022-03-28T23:05:59.6431108+05:30 [DBG] (Microsoft.AspNetCore.Cors.Infrastructure.CorsService) The request is a preflight request.
2022-03-28T23:05:59.6441357+05:30 [INF] (Microsoft.AspNetCore.Hosting.Diagnostics) Request finished in 3.5973ms 204 
2022-03-28T23:05:59.6466794+05:30 [INF] (Microsoft.AspNetCore.Hosting.Diagnostics) Request starting HTTP/1.1 GET http://localhost:55244/api/v1/Slot/GetDashboardDetails/1/0/2022-03-28  
2022-03-28T23:05:59.6473546+05:30 [DBG] (Microsoft.AspNetCore.StaticFiles.StaticFileMiddleware) The request path "" does not match the path filter
2022-03-28T23:05:59.6477173+05:30 [DBG] (Microsoft.AspNetCore.Routing.Matching.DfaMatcher) 1 candidate(s) found for the request path '"/api/v1/Slot/GetDashboardDetails/1/0/2022-03-28"'
2022-03-28T23:05:59.6480802+05:30 [DBG] (Microsoft.AspNetCore.Routing.Matching.DfaMatcher) Endpoint '"SlotBookingWebAPI.Controllers.SlotController.GetDashboardDetails (SlotBookingWebAPI)"' with route pattern '"api/v1/Slot/GetDashboardDetails/{HospitalId}/{SlotId}/{SlotDate}"' is valid for the request path '"/api/v1/Slot/GetDashboardDetails/1/0/2022-03-28"'
2022-03-28T23:05:59.6482337+05:30 [DBG] (Microsoft.AspNetCore.Routing.EndpointRoutingMiddleware) Request matched endpoint '"SlotBookingWebAPI.Controllers.SlotController.GetDashboardDetails (SlotBookingWebAPI)"'
2022-03-28T23:05:59.6483753+05:30 [DBG] (Microsoft.AspNetCore.Cors.Infrastructure.CorsService) The request has an origin header: '"http://localhost:4200"'.
2022-03-28T23:05:59.6484692+05:30 [INF] (Microsoft.AspNetCore.Cors.Infrastructure.CorsService) CORS policy execution successful.
2022-03-28T23:05:59.6497129+05:30 [INF] (Microsoft.AspNetCore.Authentication.JwtBearer.JwtBearerHandler) Successfully validated the token.
2022-03-28T23:05:59.6498862+05:30 [DBG] (Microsoft.AspNetCore.Authentication.JwtBearer.JwtBearerHandler) AuthenticationScheme: "Bearer" was successfully authenticated.
2022-03-28T23:05:59.6501937+05:30 [DBG] (Microsoft.AspNetCore.Authentication.JwtBearer.JwtBearerHandler) AuthenticationScheme: "Bearer" was successfully authenticated.
2022-03-28T23:05:59.6512564+05:30 [INF] (Microsoft.AspNetCore.Authorization.DefaultAuthorizationService) Authorization was successful.
2022-03-28T23:05:59.6514488+05:30 [INF] (Microsoft.AspNetCore.Routing.EndpointMiddleware) Executing endpoint '"SlotBookingWebAPI.Controllers.SlotController.GetDashboardDetails (SlotBookingWebAPI)"'
2022-03-28T23:05:59.6520422+05:30 [INF] (Microsoft.AspNetCore.Mvc.Infrastructure.ControllerActionInvoker) Route matched with "{action = \"GetDashboardDetails\", controller = \"Slot\"}". Executing controller action with signature "System.Threading.Tasks.Task`1[Microsoft.AspNetCore.Mvc.IActionResult] GetDashboardDetails(Int32, Int32, System.DateTime)" on controller "SlotBookingWebAPI.Controllers.SlotController" ("SlotBookingWebAPI").
2022-03-28T23:05:59.6522408+05:30 [DBG] (Microsoft.AspNetCore.Mvc.Infrastructure.ControllerActionInvoker) Execution plan of "authorization" filters (in the following order): ["None"]
2022-03-28T23:05:59.6523314+05:30 [DBG] (Microsoft.AspNetCore.Mvc.Infrastructure.ControllerActionInvoker) Execution plan of "resource" filters (in the following order): ["Microsoft.AspNetCore.Mvc.ViewFeatures.Filters.SaveTempDataFilter"]
2022-03-28T23:05:59.6524367+05:30 [DBG] (Microsoft.AspNetCore.Mvc.Infrastructure.ControllerActionInvoker) Execution plan of "action" filters (in the following order): ["Microsoft.AspNetCore.Mvc.ModelBinding.UnsupportedContentTypeFilter (Order: -3000)", "Microsoft.AspNetCore.Mvc.Infrastructure.ModelStateInvalidFilter (Order: -2000)", "SlotBookingWebAPI.Filters.ApiKeyAuthAttribute", "SlotBookingWebAPI.Filters.TokenAuthValidator"]
2022-03-28T23:05:59.6525171+05:30 [DBG] (Microsoft.AspNetCore.Mvc.Infrastructure.ControllerActionInvoker) Execution plan of "exception" filters (in the following order): ["None"]
2022-03-28T23:05:59.6525923+05:30 [DBG] (Microsoft.AspNetCore.Mvc.Infrastructure.ControllerActionInvoker) Execution plan of "result" filters (in the following order): ["Microsoft.AspNetCore.Mvc.ViewFeatures.Filters.SaveTempDataFilter", "Microsoft.AspNetCore.Mvc.Infrastructure.ClientErrorResultFilter (Order: -2000)"]
2022-03-28T23:05:59.6527645+05:30 [DBG] (Microsoft.AspNetCore.Mvc.Infrastructure.ControllerActionInvoker) Executing controller factory for controller "SlotBookingWebAPI.Controllers.SlotController" ("SlotBookingWebAPI")
2022-03-28T23:05:59.6531297+05:30 [DBG] (Microsoft.AspNetCore.Mvc.Infrastructure.ControllerActionInvoker) Executed controller factory for controller "SlotBookingWebAPI.Controllers.SlotController" ("SlotBookingWebAPI")
2022-03-28T23:05:59.6547910+05:30 [DBG] (Microsoft.AspNetCore.Mvc.ModelBinding.ParameterBinder) Attempting to bind parameter '"HospitalId"' of type '"System.Int32"' ...
2022-03-28T23:05:59.6560286+05:30 [DBG] (Microsoft.AspNetCore.Mvc.ModelBinding.Binders.SimpleTypeModelBinder) Attempting to bind parameter '"HospitalId"' of type '"System.Int32"' using the name '"HospitalId"' in request data ...
2022-03-28T23:05:59.6564079+05:30 [DBG] (Microsoft.AspNetCore.Mvc.ModelBinding.Binders.SimpleTypeModelBinder) Done attempting to bind parameter '"HospitalId"' of type '"System.Int32"'.
2022-03-28T23:05:59.6565486+05:30 [DBG] (Microsoft.AspNetCore.Mvc.ModelBinding.ParameterBinder) Done attempting to bind parameter '"HospitalId"' of type '"System.Int32"'.
2022-03-28T23:05:59.6566375+05:30 [DBG] (Microsoft.AspNetCore.Mvc.ModelBinding.ParameterBinder) Attempting to validate the bound parameter '"HospitalId"' of type '"System.Int32"' ...
2022-03-28T23:05:59.6572496+05:30 [DBG] (Microsoft.AspNetCore.Mvc.ModelBinding.ParameterBinder) Done attempting to validate the bound parameter '"HospitalId"' of type '"System.Int32"'.
2022-03-28T23:05:59.6573619+05:30 [DBG] (Microsoft.AspNetCore.Mvc.ModelBinding.ParameterBinder) Attempting to bind parameter '"SlotId"' of type '"System.Int32"' ...
2022-03-28T23:05:59.6574625+05:30 [DBG] (Microsoft.AspNetCore.Mvc.ModelBinding.Binders.SimpleTypeModelBinder) Attempting to bind parameter '"SlotId"' of type '"System.Int32"' using the name '"SlotId"' in request data ...
2022-03-28T23:05:59.6575401+05:30 [DBG] (Microsoft.AspNetCore.Mvc.ModelBinding.Binders.SimpleTypeModelBinder) Done attempting to bind parameter '"SlotId"' of type '"System.Int32"'.
2022-03-28T23:05:59.6576023+05:30 [DBG] (Microsoft.AspNetCore.Mvc.ModelBinding.ParameterBinder) Done attempting to bind parameter '"SlotId"' of type '"System.Int32"'.
2022-03-28T23:05:59.6576598+05:30 [DBG] (Microsoft.AspNetCore.Mvc.ModelBinding.ParameterBinder) Attempting to validate the bound parameter '"SlotId"' of type '"System.Int32"' ...
2022-03-28T23:05:59.6578071+05:30 [DBG] (Microsoft.AspNetCore.Mvc.ModelBinding.ParameterBinder) Done attempting to validate the bound parameter '"SlotId"' of type '"System.Int32"'.
2022-03-28T23:05:59.6578755+05:30 [DBG] (Microsoft.AspNetCore.Mvc.ModelBinding.ParameterBinder) Attempting to bind parameter '"SlotDate"' of type '"System.DateTime"' ...
2022-03-28T23:05:59.6579473+05:30 [DBG] (Microsoft.AspNetCore.Mvc.ModelBinding.Binders.SimpleTypeModelBinder) Attempting to bind parameter '"SlotDate"' of type '"System.DateTime"' using the name '"SlotDate"' in request data ...
2022-03-28T23:05:59.6580855+05:30 [DBG] (Microsoft.AspNetCore.Mvc.ModelBinding.Binders.SimpleTypeModelBinder) Done attempting to bind parameter '"SlotDate"' of type '"System.DateTime"'.
2022-03-28T23:05:59.6581496+05:30 [DBG] (Microsoft.AspNetCore.Mvc.ModelBinding.ParameterBinder) Done attempting to bind parameter '"SlotDate"' of type '"System.DateTime"'.
2022-03-28T23:05:59.6582070+05:30 [DBG] (Microsoft.AspNetCore.Mvc.ModelBinding.ParameterBinder) Attempting to validate the bound parameter '"SlotDate"' of type '"System.DateTime"' ...
2022-03-28T23:05:59.6583256+05:30 [DBG] (Microsoft.AspNetCore.Mvc.ModelBinding.ParameterBinder) Done attempting to validate the bound parameter '"SlotDate"' of type '"System.DateTime"'.
2022-03-28T23:05:59.6632432+05:30 [DBG] (Microsoft.AspNetCore.Mvc.Infrastructure.DefaultOutputFormatterSelector) List of registered output formatters, in the following order: ["Microsoft.AspNetCore.Mvc.Formatters.HttpNoContentOutputFormatter", "Microsoft.AspNetCore.Mvc.Formatters.StringOutputFormatter", "Microsoft.AspNetCore.Mvc.Formatters.StreamOutputFormatter", "Microsoft.AspNetCore.Mvc.Formatters.NewtonsoftJsonOutputFormatter"]
2022-03-28T23:05:59.6635049+05:30 [DBG] (Microsoft.AspNetCore.Mvc.Infrastructure.DefaultOutputFormatterSelector) No information found on request to perform content negotiation.
2022-03-28T23:05:59.6635770+05:30 [DBG] (Microsoft.AspNetCore.Mvc.Infrastructure.DefaultOutputFormatterSelector) Attempting to select an output formatter without using a content type as no explicit content types were specified for the response.
2022-03-28T23:05:59.6636309+05:30 [DBG] (Microsoft.AspNetCore.Mvc.Infrastructure.DefaultOutputFormatterSelector) Attempting to select the first formatter in the output formatters list which can write the result.
2022-03-28T23:05:59.6639027+05:30 [DBG] (Microsoft.AspNetCore.Mvc.Infrastructure.DefaultOutputFormatterSelector) Selected output formatter '"Microsoft.AspNetCore.Mvc.Formatters.NewtonsoftJsonOutputFormatter"' and content type '"application/json"' to write the response.
2022-03-28T23:05:59.6639868+05:30 [INF] (Microsoft.AspNetCore.Mvc.Infrastructure.ObjectResultExecutor) Executing ObjectResult, writing value of type '"System.Collections.Generic.List`1[[Domain.HospitalDetails, Domain, Version=1.0.0.0, Culture=neutral, PublicKeyToken=null]]"'.
2022-03-28T23:05:59.6650508+05:30 [INF] (Microsoft.AspNetCore.Mvc.Infrastructure.ControllerActionInvoker) Executed action "SlotBookingWebAPI.Controllers.SlotController.GetDashboardDetails (SlotBookingWebAPI)" in 12.3434ms
2022-03-28T23:05:59.6652010+05:30 [INF] (Microsoft.AspNetCore.Routing.EndpointMiddleware) Executed endpoint '"SlotBookingWebAPI.Controllers.SlotController.GetDashboardDetails (SlotBookingWebAPI)"'
2022-03-28T23:05:59.6654278+05:30 [INF] (Microsoft.AspNetCore.Hosting.Diagnostics) Request finished in 18.7969ms 200 application/json; charset=utf-8
2022-03-28T23:06:00.8999769+05:30 [INF] (Microsoft.AspNetCore.Hosting.Diagnostics) Request starting HTTP/1.1 OPTIONS http://localhost:55244/api/v1/Slot/GetDashboardDetails/1/1/2022-03-28  
2022-03-28T23:06:00.9002947+05:30 [DBG] (Microsoft.AspNetCore.StaticFiles.StaticFileMiddleware) "OPTIONS" requests are not supported
2022-03-28T23:06:00.9004952+05:30 [DBG] (Microsoft.AspNetCore.Routing.Matching.DfaMatcher) 1 candidate(s) found for the request path '"/api/v1/Slot/GetDashboardDetails/1/1/2022-03-28"'
2022-03-28T23:06:00.9005884+05:30 [DBG] (Microsoft.AspNetCore.Routing.EndpointRoutingMiddleware) Request matched endpoint '"405 HTTP Method Not Supported"'
2022-03-28T23:06:00.9007052+05:30 [DBG] (Microsoft.AspNetCore.Cors.Infrastructure.CorsService) The request has an origin header: '"http://localhost:4200"'.
2022-03-28T23:06:00.9007717+05:30 [INF] (Microsoft.AspNetCore.Cors.Infrastructure.CorsService) CORS policy execution successful.
2022-03-28T23:06:00.9008874+05:30 [DBG] (Microsoft.AspNetCore.Cors.Infrastructure.CorsService) The request is a preflight request.
2022-03-28T23:06:00.9024652+05:30 [INF] (Microsoft.AspNetCore.Hosting.Diagnostics) Request finished in 2.4907ms 204 
2022-03-28T23:06:00.9051167+05:30 [INF] (Microsoft.AspNetCore.Hosting.Diagnostics) Request starting HTTP/1.1 GET http://localhost:55244/api/v1/Slot/GetDashboardDetails/1/1/2022-03-28  
2022-03-28T23:06:00.9054673+05:30 [DBG] (Microsoft.AspNetCore.StaticFiles.StaticFileMiddleware) The request path "" does not match the path filter
2022-03-28T23:06:00.9056578+05:30 [DBG] (Microsoft.AspNetCore.Routing.Matching.DfaMatcher) 1 candidate(s) found for the request path '"/api/v1/Slot/GetDashboardDetails/1/1/2022-03-28"'
2022-03-28T23:06:00.9057819+05:30 [DBG] (Microsoft.AspNetCore.Routing.Matching.DfaMatcher) Endpoint '"SlotBookingWebAPI.Controllers.SlotController.GetDashboardDetails (SlotBookingWebAPI)"' with route pattern '"api/v1/Slot/GetDashboardDetails/{HospitalId}/{SlotId}/{SlotDate}"' is valid for the request path '"/api/v1/Slot/GetDashboardDetails/1/1/2022-03-28"'
2022-03-28T23:06:00.9058923+05:30 [DBG] (Microsoft.AspNetCore.Routing.EndpointRoutingMiddleware) Request matched endpoint '"SlotBookingWebAPI.Controllers.SlotController.GetDashboardDetails (SlotBookingWebAPI)"'
2022-03-28T23:06:00.9061689+05:30 [DBG] (Microsoft.AspNetCore.Cors.Infrastructure.CorsService) The request has an origin header: '"http://localhost:4200"'.
2022-03-28T23:06:00.9062525+05:30 [INF] (Microsoft.AspNetCore.Cors.Infrastructure.CorsService) CORS policy execution successful.
2022-03-28T23:06:00.9085090+05:30 [INF] (Microsoft.AspNetCore.Authentication.JwtBearer.JwtBearerHandler) Successfully validated the token.
2022-03-28T23:06:00.9086987+05:30 [DBG] (Microsoft.AspNetCore.Authentication.JwtBearer.JwtBearerHandler) AuthenticationScheme: "Bearer" was successfully authenticated.
2022-03-28T23:06:00.9089952+05:30 [DBG] (Microsoft.AspNetCore.Authentication.JwtBearer.JwtBearerHandler) AuthenticationScheme: "Bearer" was successfully authenticated.
2022-03-28T23:06:00.9093431+05:30 [INF] (Microsoft.AspNetCore.Authorization.DefaultAuthorizationService) Authorization was successful.
2022-03-28T23:06:00.9094593+05:30 [INF] (Microsoft.AspNetCore.Routing.EndpointMiddleware) Executing endpoint '"SlotBookingWebAPI.Controllers.SlotController.GetDashboardDetails (SlotBookingWebAPI)"'
2022-03-28T23:06:00.9098629+05:30 [INF] (Microsoft.AspNetCore.Mvc.Infrastructure.ControllerActionInvoker) Route matched with "{action = \"GetDashboardDetails\", controller = \"Slot\"}". Executing controller action with signature "System.Threading.Tasks.Task`1[Microsoft.AspNetCore.Mvc.IActionResult] GetDashboardDetails(Int32, Int32, System.DateTime)" on controller "SlotBookingWebAPI.Controllers.SlotController" ("SlotBookingWebAPI").
2022-03-28T23:06:00.9100271+05:30 [DBG] (Microsoft.AspNetCore.Mvc.Infrastructure.ControllerActionInvoker) Execution plan of "authorization" filters (in the following order): ["None"]
2022-03-28T23:06:00.9101686+05:30 [DBG] (Microsoft.AspNetCore.Mvc.Infrastructure.ControllerActionInvoker) Execution plan of "resource" filters (in the following order): ["Microsoft.AspNetCore.Mvc.ViewFeatures.Filters.SaveTempDataFilter"]
2022-03-28T23:06:00.9103316+05:30 [DBG] (Microsoft.AspNetCore.Mvc.Infrastructure.ControllerActionInvoker) Execution plan of "action" filters (in the following order): ["Microsoft.AspNetCore.Mvc.ModelBinding.UnsupportedContentTypeFilter (Order: -3000)", "Microsoft.AspNetCore.Mvc.Infrastructure.ModelStateInvalidFilter (Order: -2000)", "SlotBookingWebAPI.Filters.ApiKeyAuthAttribute", "SlotBookingWebAPI.Filters.TokenAuthValidator"]
2022-03-28T23:06:00.9104536+05:30 [DBG] (Microsoft.AspNetCore.Mvc.Infrastructure.ControllerActionInvoker) Execution plan of "exception" filters (in the following order): ["None"]
2022-03-28T23:06:00.9105868+05:30 [DBG] (Microsoft.AspNetCore.Mvc.Infrastructure.ControllerActionInvoker) Execution plan of "result" filters (in the following order): ["Microsoft.AspNetCore.Mvc.ViewFeatures.Filters.SaveTempDataFilter", "Microsoft.AspNetCore.Mvc.Infrastructure.ClientErrorResultFilter (Order: -2000)"]
2022-03-28T23:06:00.9107879+05:30 [DBG] (Microsoft.AspNetCore.Mvc.Infrastructure.ControllerActionInvoker) Executing controller factory for controller "SlotBookingWebAPI.Controllers.SlotController" ("SlotBookingWebAPI")
2022-03-28T23:06:00.9112960+05:30 [DBG] (Microsoft.AspNetCore.Mvc.Infrastructure.ControllerActionInvoker) Executed controller factory for controller "SlotBookingWebAPI.Controllers.SlotController" ("SlotBookingWebAPI")
2022-03-28T23:06:00.9117187+05:30 [DBG] (Microsoft.AspNetCore.Mvc.ModelBinding.ParameterBinder) Attempting to bind parameter '"HospitalId"' of type '"System.Int32"' ...
2022-03-28T23:06:00.9120305+05:30 [DBG] (Microsoft.AspNetCore.Mvc.ModelBinding.Binders.SimpleTypeModelBinder) Attempting to bind parameter '"HospitalId"' of type '"System.Int32"' using the name '"HospitalId"' in request data ...
2022-03-28T23:06:00.9121747+05:30 [DBG] (Microsoft.AspNetCore.Mvc.ModelBinding.Binders.SimpleTypeModelBinder) Done attempting to bind parameter '"HospitalId"' of type '"System.Int32"'.
2022-03-28T23:06:00.9123321+05:30 [DBG] (Microsoft.AspNetCore.Mvc.ModelBinding.ParameterBinder) Done attempting to bind parameter '"HospitalId"' of type '"System.Int32"'.
2022-03-28T23:06:00.9124199+05:30 [DBG] (Microsoft.AspNetCore.Mvc.ModelBinding.ParameterBinder) Attempting to validate the bound parameter '"HospitalId"' of type '"System.Int32"' ...
2022-03-28T23:06:00.9128461+05:30 [DBG] (Microsoft.AspNetCore.Mvc.ModelBinding.ParameterBinder) Done attempting to validate the bound parameter '"HospitalId"' of type '"System.Int32"'.
2022-03-28T23:06:00.9130011+05:30 [DBG] (Microsoft.AspNetCore.Mvc.ModelBinding.ParameterBinder) Attempting to bind parameter '"SlotId"' of type '"System.Int32"' ...
2022-03-28T23:06:00.9131980+05:30 [DBG] (Microsoft.AspNetCore.Mvc.ModelBinding.Binders.SimpleTypeModelBinder) Attempting to bind parameter '"SlotId"' of type '"System.Int32"' using the name '"SlotId"' in request data ...
2022-03-28T23:06:00.9133452+05:30 [DBG] (Microsoft.AspNetCore.Mvc.ModelBinding.Binders.SimpleTypeModelBinder) Done attempting to bind parameter '"SlotId"' of type '"System.Int32"'.
2022-03-28T23:06:00.9134421+05:30 [DBG] (Microsoft.AspNetCore.Mvc.ModelBinding.ParameterBinder) Done attempting to bind parameter '"SlotId"' of type '"System.Int32"'.
2022-03-28T23:06:00.9135184+05:30 [DBG] (Microsoft.AspNetCore.Mvc.ModelBinding.ParameterBinder) Attempting to validate the bound parameter '"SlotId"' of type '"System.Int32"' ...
2022-03-28T23:06:00.9138584+05:30 [DBG] (Microsoft.AspNetCore.Mvc.ModelBinding.ParameterBinder) Done attempting to validate the bound parameter '"SlotId"' of type '"System.Int32"'.
2022-03-28T23:06:00.9139852+05:30 [DBG] (Microsoft.AspNetCore.Mvc.ModelBinding.ParameterBinder) Attempting to bind parameter '"SlotDate"' of type '"System.DateTime"' ...
2022-03-28T23:06:00.9141727+05:30 [DBG] (Microsoft.AspNetCore.Mvc.ModelBinding.Binders.SimpleTypeModelBinder) Attempting to bind parameter '"SlotDate"' of type '"System.DateTime"' using the name '"SlotDate"' in request data ...
2022-03-28T23:06:00.9143498+05:30 [DBG] (Microsoft.AspNetCore.Mvc.ModelBinding.Binders.SimpleTypeModelBinder) Done attempting to bind parameter '"SlotDate"' of type '"System.DateTime"'.
2022-03-28T23:06:00.9144429+05:30 [DBG] (Microsoft.AspNetCore.Mvc.ModelBinding.ParameterBinder) Done attempting to bind parameter '"SlotDate"' of type '"System.DateTime"'.
2022-03-28T23:06:00.9145252+05:30 [DBG] (Microsoft.AspNetCore.Mvc.ModelBinding.ParameterBinder) Attempting to validate the bound parameter '"SlotDate"' of type '"System.DateTime"' ...
2022-03-28T23:06:00.9148624+05:30 [DBG] (Microsoft.AspNetCore.Mvc.ModelBinding.ParameterBinder) Done attempting to validate the bound parameter '"SlotDate"' of type '"System.DateTime"'.
2022-03-28T23:06:00.9177997+05:30 [DBG] (Microsoft.AspNetCore.Mvc.Infrastructure.DefaultOutputFormatterSelector) List of registered output formatters, in the following order: ["Microsoft.AspNetCore.Mvc.Formatters.HttpNoContentOutputFormatter", "Microsoft.AspNetCore.Mvc.Formatters.StringOutputFormatter", "Microsoft.AspNetCore.Mvc.Formatters.StreamOutputFormatter", "Microsoft.AspNetCore.Mvc.Formatters.NewtonsoftJsonOutputFormatter"]
2022-03-28T23:06:00.9180378+05:30 [DBG] (Microsoft.AspNetCore.Mvc.Infrastructure.DefaultOutputFormatterSelector) No information found on request to perform content negotiation.
2022-03-28T23:06:00.9181035+05:30 [DBG] (Microsoft.AspNetCore.Mvc.Infrastructure.DefaultOutputFormatterSelector) Attempting to select an output formatter without using a content type as no explicit content types were specified for the response.
2022-03-28T23:06:00.9181597+05:30 [DBG] (Microsoft.AspNetCore.Mvc.Infrastructure.DefaultOutputFormatterSelector) Attempting to select the first formatter in the output formatters list which can write the result.
2022-03-28T23:06:00.9182747+05:30 [DBG] (Microsoft.AspNetCore.Mvc.Infrastructure.DefaultOutputFormatterSelector) Selected output formatter '"Microsoft.AspNetCore.Mvc.Formatters.NewtonsoftJsonOutputFormatter"' and content type '"application/json"' to write the response.
2022-03-28T23:06:00.9183582+05:30 [INF] (Microsoft.AspNetCore.Mvc.Infrastructure.ObjectResultExecutor) Executing ObjectResult, writing value of type '"System.Collections.Generic.List`1[[Domain.HospitalDetails, Domain, Version=1.0.0.0, Culture=neutral, PublicKeyToken=null]]"'.
2022-03-28T23:06:00.9194577+05:30 [INF] (Microsoft.AspNetCore.Mvc.Infrastructure.ControllerActionInvoker) Executed action "SlotBookingWebAPI.Controllers.SlotController.GetDashboardDetails (SlotBookingWebAPI)" in 8.7432ms
2022-03-28T23:06:00.9196292+05:30 [INF] (Microsoft.AspNetCore.Routing.EndpointMiddleware) Executed endpoint '"SlotBookingWebAPI.Controllers.SlotController.GetDashboardDetails (SlotBookingWebAPI)"'
2022-03-28T23:06:00.9197771+05:30 [INF] (Microsoft.AspNetCore.Hosting.Diagnostics) Request finished in 14.8086ms 200 application/json; charset=utf-8
